2026-06-17 14:45:44 [] INFO  com.ledger.api.ApiApplication - Starting ApiApplication using Java 17.0.12 with PID 49868 (C:\Projects\api\target\classes started by rajas in C:\Projects\api)
2026-06-17 14:45:44 [] DEBUG com.ledger.api.ApiApplication - Running with Spring Boot v4.0.7, Spring v7.0.8
2026-06-17 14:45:44 [] INFO  com.ledger.api.ApiApplication - No active profile set, falling back to 1 default profile: "default"
2026-06-17 14:45:45 [] INFO  o.s.d.r.c.RepositoryConfigurationDelegate - Multiple Spring Data modules found, entering strict repository configuration mode
2026-06-17 14:45:45 [] INFO  o.s.d.r.c.RepositoryConfigurationDelegate - Bootstrapping Spring Data JPA repositories in DEFAULT mode.
2026-06-17 14:45:45 [] INFO  o.s.d.r.c.RepositoryConfigurationDelegate - Finished Spring Data repository scanning in 11 ms. Found 0 JPA repository interfaces.
2026-06-17 14:45:45 [] INFO  o.s.d.r.c.RepositoryConfigurationDelegate - Multiple Spring Data modules found, entering strict repository configuration mode
2026-06-17 14:45:45 [] INFO  o.s.d.r.c.RepositoryConfigurationDelegate - Bootstrapping Spring Data Redis repositories in DEFAULT mode.
2026-06-17 14:45:45 [] INFO  o.s.d.r.c.RepositoryConfigurationDelegate - Finished Spring Data repository scanning in 2 ms. Found 0 Redis repository interfaces.
2026-06-17 14:45:46 [] INFO  o.s.boot.tomcat.TomcatWebServer - Tomcat initialized with port 8080 (http)
2026-06-17 14:45:46 [] INFO  o.a.catalina.core.StandardService - Starting service [Tomcat]
2026-06-17 14:45:46 [] INFO  o.a.catalina.core.StandardEngine - Starting Servlet engine: [Apache Tomcat/11.0.22]
2026-06-17 14:45:46 [] INFO  o.s.b.w.c.s.WebApplicationContextInitializer - Root WebApplicationContext: initialization completed in 1836 ms
2026-06-17 14:45:46 [] INFO  com.zaxxer.hikari.HikariDataSource - HikariPool-1 - Starting...
2026-06-17 14:45:47 [] INFO  com.zaxxer.hikari.pool.HikariPool - HikariPool-1 - Added connection org.postgresql.jdbc.PgConnection@280484c7
2026-06-17 14:45:47 [] INFO  com.zaxxer.hikari.HikariDataSource - HikariPool-1 - Start completed.
2026-06-17 14:45:47 [] INFO  liquibase.database - Set default schema name to public
2026-06-17 14:45:48 [] INFO  liquibase.changelog - Creating database changelog table with name: public.databasechangelog
2026-06-17 14:45:48 [] INFO  liquibase.changelog - Reading from public.databasechangelog
2026-06-17 14:45:48 [] INFO  liquibase.snapshot - Creating snapshot
2026-06-17 14:45:48 [] INFO  liquibase.lockservice - Successfully acquired change log lock
2026-06-17 14:45:48 [] INFO  liquibase.command - Using deploymentId: 1687746897
2026-06-17 14:45:48 [] INFO  liquibase.changelog - Reading from public.databasechangelog
2026-06-17 14:45:48 [] INFO  liquibase.ui - Running Changeset: db/changelog/changes/001-create-accounts.yaml::001-create-accounts::ledger-dev
2026-06-17 14:45:48 [] INFO  liquibase.changelog - Table accounts created
2026-06-17 14:45:48 [] INFO  liquibase.changelog - ChangeSet db/changelog/changes/001-create-accounts.yaml::001-create-accounts::ledger-dev ran successfully in 17ms
2026-06-17 14:45:48 [] INFO  liquibase.ui - Running Changeset: db/changelog/changes/002-create-transactions.yaml::002-create-transactions::ledger-dev
2026-06-17 14:45:48 [] INFO  liquibase.changelog - Table transactions created
2026-06-17 14:45:48 [] INFO  liquibase.changelog - ChangeSet db/changelog/changes/002-create-transactions.yaml::002-create-transactions::ledger-dev ran successfully in 13ms
2026-06-17 14:45:48 [] INFO  liquibase.ui - Running Changeset: db/changelog/changes/003-create-journal-entries.yaml::003-create-journal-entries::ledger-dev
2026-06-17 14:45:48 [] INFO  liquibase.changelog - Table journal_entries created
2026-06-17 14:45:48 [] INFO  liquibase.changelog - Index idx_journal_entries_account_id created
2026-06-17 14:45:48 [] INFO  liquibase.changelog - Index idx_journal_entries_transaction_id created
2026-06-17 14:45:48 [] INFO  liquibase.changelog - ChangeSet db/changelog/changes/003-create-journal-entries.yaml::003-create-journal-entries::ledger-dev ran successfully in 21ms
2026-06-17 14:45:48 [] INFO  liquibase.ui - Running Changeset: db/changelog/changes/004-create-idempotency-keys.yaml::004-create-idempotency-keys::ledger-dev
2026-06-17 14:45:48 [] INFO  liquibase.changelog - Table idempotency_keys created
2026-06-17 14:45:48 [] INFO  liquibase.changelog - Index idx_idempotency_keys_expires_at created
2026-06-17 14:45:48 [] INFO  liquibase.changelog - ChangeSet db/changelog/changes/004-create-idempotency-keys.yaml::004-create-idempotency-keys::ledger-dev ran successfully in 16ms
2026-06-17 14:45:48 [] INFO  liquibase.util - UPDATE SUMMARY
2026-06-17 14:45:48 [] INFO  liquibase.util - Run:                          4
2026-06-17 14:45:48 [] INFO  liquibase.util - Previously run:               0
2026-06-17 14:45:48 [] INFO  liquibase.util - Filtered out:                 0
2026-06-17 14:45:48 [] INFO  liquibase.util - -------------------------------
2026-06-17 14:45:48 [] INFO  liquibase.util - Total change sets:            4
2026-06-17 14:45:48 [] INFO  liquibase.util - Update summary generated
2026-06-17 14:45:48 [] INFO  liquibase.command - Update command completed successfully.
2026-06-17 14:45:48 [] INFO  liquibase.ui - Liquibase: Update has been successful. Rows affected: 0
2026-06-17 14:45:48 [] INFO  liquibase.lockservice - Successfully released change log lock
2026-06-17 14:45:48 [] INFO  liquibase.command - Command execution complete
2026-06-17 14:45:48 [] INFO  org.hibernate.orm.jpa - HHH008540: Processing PersistenceUnitInfo [name: default]
2026-06-17 14:45:48 [] INFO  org.hibernate.orm.core - HHH000001: Hibernate ORM core version 7.2.19.Final
2026-06-17 14:45:49 [] INFO  o.s.o.j.p.SpringPersistenceUnitInfo - No LoadTimeWeaver setup: ignoring JPA class transformer
2026-06-17 14:45:49 [] WARN  org.hibernate.orm.deprecation - HHH90000025: PostgreSQLDialect does not need to be specified explicitly using 'hibernate.dialect' (remove the property setting and it will be selected by default)
2026-06-17 14:45:49 [] INFO  o.hibernate.orm.connections.pooling - HHH10001005: Database info:
	Database JDBC URL [jdbc:postgresql://localhost:5432/ledger]
	Database driver: PostgreSQL JDBC Driver
	Database dialect: PostgreSQLDialect
	Database version: 15.18
	Default catalog/schema: ledger/public
	Autocommit mode: undefined/unknown
	Isolation level: READ_COMMITTED [default READ_COMMITTED]
	JDBC fetch size: none
	Pool: DataSourceConnectionProvider
	Minimum pool size: undefined/unknown
	Maximum pool size: undefined/unknown
2026-06-17 14:45:50 [] INFO  org.hibernate.orm.core - HHH000489: No JTA platform available (set 'hibernate.transaction.jta.platform' to enable JTA platform integration)
2026-06-17 14:45:50 [] INFO  o.s.o.j.LocalContainerEntityManagerFactoryBean - Initialized JPA EntityManagerFactory for persistence unit 'default'
2026-06-17 14:45:50 [] WARN  o.s.b.j.a.JpaBaseConfiguration$JpaWebConfiguration - spring.jpa.open-in-view is enabled by default. Therefore, database queries may be performed during view rendering. Explicitly configure spring.jpa.open-in-view to disable this warning
2026-06-17 14:45:51 [] INFO  o.s.b.a.e.web.EndpointLinksResolver - Exposing 1 endpoint beneath base path '/actuator'
2026-06-17 14:45:51 [] INFO  o.s.boot.tomcat.TomcatWebServer - Tomcat started on port 8080 (http) with context path '/'
2026-06-17 14:45:51 [] INFO  com.ledger.api.ApiApplication - Started ApiApplication in 7.119 seconds (process running for 7.633)
2026-06-17 14:45:51 [] WARN  o.s.c.events.SpringDocAppInitializer - SpringDoc /v3/api-docs endpoint is enabled by default. To disable it in production, set the property 'springdoc.api-docs.enabled=false'
2026-06-17 14:45:51 [] WARN  o.s.c.events.SpringDocAppInitializer - SpringDoc /swagger-ui.html endpoint is enabled by default. To disable it in production, set the property 'springdoc.swagger-ui.enabled=false'
